<?xml version="1.0" encoding="UTF-8"?>
<!-- Generated by org.testng.reporters.JUnitReportReporter -->
<testsuite ignored="0" hostname="Admin-PC" failures="0" tests="4" name="com.w2a.testcases.datadrivenpractise" time="0.002" errors="1" timestamp="04 Apr 2020 07:43:21 GMT" skipped="3">
  <testcase classname="com.w2a.testcases.datadrivenpractise" name="practisewebsite" time="0.001">
    <skipped/>
  </testcase> <!-- practisewebsite -->
  <testcase classname="com.w2a.testcases.datadrivenpractise" name="practisewebsite" time="0.001">
    <skipped/>
  </testcase> <!-- practisewebsite -->
  <testcase classname="com.w2a.testcases.datadrivenpractise" name="practisewebsite" time="0.000">
    <skipped/>
  </testcase> <!-- practisewebsite -->
  <testcase classname="com.w2a.testcases.datadrivenpractise" name="setbrowser" time="0.000">
    <error message="session not created
from chrome not reachable
  (Session info: chrome=80.0.3987.149)
Build info: version: &#039;3.141.59&#039;, revision: &#039;e82be7d358&#039;, time: &#039;2018-11-14T08:17:03&#039;
System info: host: &#039;ADMIN-PC&#039;, ip: &#039;192.168.1.14&#039;, os.name: &#039;Windows 7&#039;, os.arch: &#039;amd64&#039;, os.version: &#039;6.1&#039;, java.version: &#039;11.0.3&#039;
Driver info: driver.version: ChromeDriver
remote stacktrace: Backtrace:
	Ordinal0 [0x0141A113+1548563]
	Ordinal0 [0x0139DDA1+1039777]
	Ordinal0 [0x0131E32E+516910]
	Ordinal0 [0x01318012+491538]
	Ordinal0 [0x01318ADD+494301]
	Ordinal0 [0x01319855+497749]
	Ordinal0 [0x01315885+481413]
	Ordinal0 [0x0131F0D0+520400]
	Ordinal0 [0x012CC030+180272]
	Ordinal0 [0x012CB59D+177565]
	Ordinal0 [0x012C95FB+169467]
	Ordinal0 [0x012B160A+71178]
	Ordinal0 [0x012B2690+75408]
	Ordinal0 [0x012B2629+75305]
	Ordinal0 [0x013B71B7+1143223]
	GetHandleVerifier [0x014B2B46+507814]
	GetHandleVerifier [0x014B2864+507076]
	GetHandleVerifier [0x014B9F47+537511]
	GetHandleVerifier [0x014B3402+510050]
	Ordinal0 [0x013AF29C+1110684]
	Ordinal0 [0x013B938B+1151883]
	Ordinal0 [0x013B94F3+1152243]
	Ordinal0 [0x013B83F5+1147893]
	BaseThreadInitThunk [0x75F833CA+18]
	RtlInitializeExceptionChain [0x779B9ED2+99]
	RtlInitializeExceptionChain [0x779B9EA5+54]
" type="org.openqa.selenium.SessionNotCreatedException">
      <![CDATA[org.openqa.selenium.SessionNotCreatedException: session not created
from chrome not reachable
  (Session info: chrome=80.0.3987.149)
Build info: version: '3.141.59', revision: 'e82be7d358', time: '2018-11-14T08:17:03'
System info: host: 'ADMIN-PC', ip: '192.168.1.14', os.name: 'Windows 7', os.arch: 'amd64', os.version: '6.1', java.version: '11.0.3'
Driver info: driver.version: ChromeDriver
remote stacktrace: Backtrace:
	Ordinal0 [0x0141A113+1548563]
	Ordinal0 [0x0139DDA1+1039777]
	Ordinal0 [0x0131E32E+516910]
	Ordinal0 [0x01318012+491538]
	Ordinal0 [0x01318ADD+494301]
	Ordinal0 [0x01319855+497749]
	Ordinal0 [0x01315885+481413]
	Ordinal0 [0x0131F0D0+520400]
	Ordinal0 [0x012CC030+180272]
	Ordinal0 [0x012CB59D+177565]
	Ordinal0 [0x012C95FB+169467]
	Ordinal0 [0x012B160A+71178]
	Ordinal0 [0x012B2690+75408]
	Ordinal0 [0x012B2629+75305]
	Ordinal0 [0x013B71B7+1143223]
	GetHandleVerifier [0x014B2B46+507814]
	GetHandleVerifier [0x014B2864+507076]
	GetHandleVerifier [0x014B9F47+537511]
	GetHandleVerifier [0x014B3402+510050]
	Ordinal0 [0x013AF29C+1110684]
	Ordinal0 [0x013B938B+1151883]
	Ordinal0 [0x013B94F3+1152243]
	Ordinal0 [0x013B83F5+1147893]
	BaseThreadInitThunk [0x75F833CA+18]
	RtlInitializeExceptionChain [0x779B9ED2+99]
	RtlInitializeExceptionChain [0x779B9EA5+54]

	at java.base/jdk.internal.reflect.NativeConstructorAccessorImpl.newInstance0(Native Method)
	at java.base/jdk.internal.reflect.NativeConstructorAccessorImpl.newInstance(NativeConstructorAccessorImpl.java:62)
	at java.base/jdk.internal.reflect.DelegatingConstructorAccessorImpl.newInstance(DelegatingConstructorAccessorImpl.java:45)
	at java.base/java.lang.reflect.Constructor.newInstance(Constructor.java:490)
	at org.openqa.selenium.remote.W3CHandshakeResponse.lambda$errorHandler$0(W3CHandshakeResponse.java:62)
	at org.openqa.selenium.remote.HandshakeResponse.lambda$getResponseFunction$0(HandshakeResponse.java:30)
	at org.openqa.selenium.remote.ProtocolHandshake.lambda$createSession$0(ProtocolHandshake.java:126)
	at java.base/java.util.stream.ReferencePipeline$3$1.accept(ReferencePipeline.java:195)
	at java.base/java.util.Spliterators$ArraySpliterator.tryAdvance(Spliterators.java:958)
	at java.base/java.util.stream.ReferencePipeline.forEachWithCancel(ReferencePipeline.java:127)
	at java.base/java.util.stream.AbstractPipeline.copyIntoWithCancel(AbstractPipeline.java:502)
	at java.base/java.util.stream.AbstractPipeline.copyInto(AbstractPipeline.java:488)
	at java.base/java.util.stream.AbstractPipeline.wrapAndCopyInto(AbstractPipeline.java:474)
	at java.base/java.util.stream.FindOps$FindOp.evaluateSequential(FindOps.java:150)
	at java.base/java.util.stream.AbstractPipeline.evaluate(AbstractPipeline.java:234)
	at java.base/java.util.stream.ReferencePipeline.findFirst(ReferencePipeline.java:543)
	at org.openqa.selenium.remote.ProtocolHandshake.createSession(ProtocolHandshake.java:128)
	at org.openqa.selenium.remote.ProtocolHandshake.createSession(ProtocolHandshake.java:74)
	at org.openqa.selenium.remote.HttpCommandExecutor.execute(HttpCommandExecutor.java:136)
	at org.openqa.selenium.remote.service.DriverCommandExecutor.execute(DriverCommandExecutor.java:83)
	at org.openqa.selenium.remote.RemoteWebDriver.execute(RemoteWebDriver.java:552)
	at org.openqa.selenium.remote.RemoteWebDriver.startSession(RemoteWebDriver.java:213)
	at org.openqa.selenium.remote.RemoteWebDriver.<init>(RemoteWebDriver.java:131)
	at org.openqa.selenium.chrome.ChromeDriver.<init>(ChromeDriver.java:181)
	at org.openqa.selenium.chrome.ChromeDriver.<init>(ChromeDriver.java:168)
	at org.openqa.selenium.chrome.ChromeDriver.<init>(ChromeDriver.java:123)
	at com.w2a.testcases.datadrivenpractise.setbrowser(datadrivenpractise.java:25)
	at java.base/jdk.internal.reflect.NativeMethodAccessorImpl.invoke0(Native Method)
	at java.base/jdk.internal.reflect.NativeMethodAccessorImpl.invoke(NativeMethodAccessorImpl.java:62)
	at java.base/jdk.internal.reflect.DelegatingMethodAccessorImpl.invoke(DelegatingMethodAccessorImpl.java:43)
	at java.base/java.lang.reflect.Method.invoke(Method.java:566)
	at org.testng.internal.MethodInvocationHelper.invokeMethod(MethodInvocationHelper.java:104)
	at org.testng.internal.Invoker.invokeConfigurationMethod(Invoker.java:515)
	at org.testng.internal.Invoker.invokeConfigurations(Invoker.java:217)
	at org.testng.internal.Invoker.invokeMethod(Invoker.java:590)
	at org.testng.internal.Invoker.invokeTestMethod(Invoker.java:851)
	at org.testng.internal.Invoker.invokeTestMethods(Invoker.java:1177)
	at org.testng.internal.TestMethodWorker.invokeTestMethods(TestMethodWorker.java:129)
	at org.testng.internal.TestMethodWorker.run(TestMethodWorker.java:112)
	at org.testng.TestRunner.privateRun(TestRunner.java:756)
	at org.testng.TestRunner.run(TestRunner.java:610)
	at org.testng.SuiteRunner.runTest(SuiteRunner.java:387)
	at org.testng.SuiteRunner.runSequentially(SuiteRunner.java:382)
	at org.testng.SuiteRunner.privateRun(SuiteRunner.java:340)
	at org.testng.SuiteRunner.run(SuiteRunner.java:289)
	at org.testng.SuiteRunnerWorker.runSuite(SuiteRunnerWorker.java:52)
	at org.testng.SuiteRunnerWorker.run(SuiteRunnerWorker.java:86)
	at org.testng.TestNG.runSuitesSequentially(TestNG.java:1293)
	at org.testng.TestNG.runSuitesLocally(TestNG.java:1218)
	at org.testng.TestNG.runSuites(TestNG.java:1133)
	at org.testng.TestNG.run(TestNG.java:1104)
	at org.infinitest.testrunner.testng.TestNgRunner.runTest(TestNgRunner.java:82)
	at org.infinitest.testrunner.DefaultRunner.runTest(DefaultRunner.java:60)
	at org.infinitest.testrunner.TestRunnerProcess.runTest(TestRunnerProcess.java:70)
	at org.infinitest.testrunner.TestRunnerProcess.writeTestResultToOutputStream(TestRunnerProcess.java:112)
	at org.infinitest.testrunner.TestRunnerProcess.main(TestRunnerProcess.java:89)
]]>
    </error>
  </testcase> <!-- setbrowser -->
</testsuite> <!-- com.w2a.testcases.datadrivenpractise -->
